No build directory found. Creating build directory...
****COMPILING CIRCUIT****
[31mInput file does not exist: ../sync_committee_committments.circom[0m
[31mprevious errors were found[0m
DONE (0s)
****Running make to make witness generation binary****
make: the '-C' option requires a non-empty string argument
Usage: make [options] [target] ...
Options:
  -b, -m                      Ignored for compatibility.
  -B, --always-make           Unconditionally make all targets.
  -C DIRECTORY, --directory=DIRECTORY
                              Change to DIRECTORY before doing anything.
  -d                          Print lots of debugging information.
  --debug[=FLAGS]             Print various types of debugging information.
  -e, --environment-overrides
                              Environment variables override makefiles.
  -E STRING, --eval=STRING    Evaluate STRING as a makefile statement.
  -f FILE, --file=FILE, --makefile=FILE
                              Read FILE as a makefile.
  -h, --help                  Print this message and exit.
  -i, --ignore-errors         Ignore errors from recipes.
  -I DIRECTORY, --include-dir=DIRECTORY
                              Search DIRECTORY for included makefiles.
  -j [N], --jobs[=N]          Allow N jobs at once; infinite jobs with no arg.
  -k, --keep-going            Keep going when some targets can't be made.
  -l [N], --load-average[=N], --max-load[=N]
                              Don't start multiple jobs unless load is below N.
  -L, --check-symlink-times   Use the latest mtime between symlinks and target.
  -n, --just-print, --dry-run, --recon
                              Don't actually run any recipe; just print them.
  -o FILE, --old-file=FILE, --assume-old=FILE
                              Consider FILE to be very old and don't remake it.
  -O[TYPE], --output-sync[=TYPE]
                              Synchronize output of parallel jobs by TYPE.
  -p, --print-data-base       Print make's internal database.
  -q, --question              Run no recipe; exit status says if up to date.
  -r, --no-builtin-rules      Disable the built-in implicit rules.
  -R, --no-builtin-variables  Disable the built-in variable settings.
  -s, --silent, --quiet       Don't echo recipes.
  --no-silent                 Echo recipes (disable --silent mode).
  -S, --no-keep-going, --stop
                              Turns off -k.
  -t, --touch                 Touch targets instead of remaking them.
  --trace                     Print tracing information.
  -v, --version               Print the version number of make and exit.
  -w, --print-directory       Print the current directory.
  --no-print-directory        Turn off -w, even if it was turned on implicitly.
  -W FILE, --what-if=FILE, --new-file=FILE, --assume-new=FILE
                              Consider FILE to be infinitely new.
  --warn-undefined-variables  Warn when an undefined variable is referenced.

This program built for x86_64-pc-linux-gnu
Report bugs to <bug-make@gnu.org>
DONE (0s)
****Executing witness generation****
./circuits/scripts/build_sync_committee_committments.sh: line 30: /sync_committee_committments: No such file or directory
DONE (0s)
****Converting witness to json****
[31;22m[ERROR] [39;1msnarkJS[0m: [Error: ENOENT: no such file or directory, open '/witness.wtns'] {
  errno: -2,
  code: 'ENOENT',
  syscall: 'open',
  path: '/witness.wtns'
}
DONE (1s)
****GENERATING ZKEY 0****
node:internal/modules/cjs/loader:1042
  throw err;
  ^

Error: Cannot find module '/home/leonardo/Code/ethereum-light-client-py/snarkjs'
    at Module._resolveFilename (node:internal/modules/cjs/loader:1039:15)
    at Module._load (node:internal/modules/cjs/loader:885:27)
    at Function.executeUserEntryPoint [as runMain] (node:internal/modules/run_main:81:12)
    at node:internal/main/run_main_module:23:47 {
  code: 'MODULE_NOT_FOUND',
  requireStack: []
}

Node.js v18.13.0
DONE (1s)
****CONTRIBUTE TO PHASE 2 CEREMONY****
node:internal/modules/cjs/loader:1042
  throw err;
  ^

Error: Cannot find module '/home/leonardo/Code/ethereum-light-client-py/snarkjs'
    at Module._resolveFilename (node:internal/modules/cjs/loader:1039:15)
    at Module._load (node:internal/modules/cjs/loader:885:27)
    at Function.executeUserEntryPoint [as runMain] (node:internal/modules/run_main:81:12)
    at node:internal/main/run_main_module:23:47 {
  code: 'MODULE_NOT_FOUND',
  requireStack: []
}

Node.js v18.13.0
DONE (0s)
****VERIFYING FINAL ZKEY****
node:internal/modules/cjs/loader:1042
  throw err;
  ^

Error: Cannot find module '/home/leonardo/Code/ethereum-light-client-py/snarkjs'
    at Module._resolveFilename (node:internal/modules/cjs/loader:1039:15)
    at Module._load (node:internal/modules/cjs/loader:885:27)
    at Function.executeUserEntryPoint [as runMain] (node:internal/modules/run_main:81:12)
    at node:internal/main/run_main_module:23:47 {
  code: 'MODULE_NOT_FOUND',
  requireStack: []
}

Node.js v18.13.0
DONE (0s)
****EXPORTING VKEY****
