****Executing witness generation****
DONE (1s)
****Converting witness to json****
DONE (44s)
****GENERATING ZKEY 0****
[32;22m[INFO]  [39;1msnarkJS[0m: Reading r1cs
[32;22m[INFO]  [39;1msnarkJS[0m: Reading tauG1
[32;22m[INFO]  [39;1msnarkJS[0m: Reading tauG2
[32;22m[INFO]  [39;1msnarkJS[0m: Reading alphatauG1
[32;22m[INFO]  [39;1msnarkJS[0m: Reading betatauG1
[32;22m[INFO]  [39;1msnarkJS[0m: Circuit hash: 
		0ffcba95 e88f9135 b0b3985f f755d644
		bd0e0598 37c445be 2f3e2396 3adcff22
		a9ccd30a 830fe873 10e88c34 93748817
		f183f32f d40e2687 0f1ecb9e 9fc19372
DONE (774s)
****CONTRIBUTE TO PHASE 2 CEREMONY****
[32;22m[INFO]  [39;1msnarkJS[0m: Circuit Hash: 
		0ffcba95 e88f9135 b0b3985f f755d644
		bd0e0598 37c445be 2f3e2396 3adcff22
		a9ccd30a 830fe873 10e88c34 93748817
		f183f32f d40e2687 0f1ecb9e 9fc19372
[32;22m[INFO]  [39;1msnarkJS[0m: Contribution Hash: 
		cea0c4f2 ae2b3a49 8aa4511d 4ff47bbd
		e55f049e e3142657 6cd055a8 2e6878f9
		b2711110 a763e711 dbe5f610 8be2d78a
		7c3c99cf 29ba5dcc 64ea12a0 aa1ea85b
DONE (541s)
****VERIFYING FINAL ZKEY****
[32;22m[INFO]  [39;1msnarkJS[0m: Reading r1cs
[32;22m[INFO]  [39;1msnarkJS[0m: Reading tauG1
[32;22m[INFO]  [39;1msnarkJS[0m: Reading tauG2
[32;22m[INFO]  [39;1msnarkJS[0m: Reading alphatauG1
[32;22m[INFO]  [39;1msnarkJS[0m: Reading betatauG1
[32;22m[INFO]  [39;1msnarkJS[0m: Circuit hash: 
		0ffcba95 e88f9135 b0b3985f f755d644
		bd0e0598 37c445be 2f3e2396 3adcff22
		a9ccd30a 830fe873 10e88c34 93748817
		f183f32f d40e2687 0f1ecb9e 9fc19372
[32;22m[INFO]  [39;1msnarkJS[0m: Circuit Hash: 
		0ffcba95 e88f9135 b0b3985f f755d644
		bd0e0598 37c445be 2f3e2396 3adcff22
		a9ccd30a 830fe873 10e88c34 93748817
		f183f32f d40e2687 0f1ecb9e 9fc19372
[32;22m[INFO]  [39;1msnarkJS[0m: -------------------------
[32;22m[INFO]  [39;1msnarkJS[0m: contribution #1 First phase2 contribution:
		cea0c4f2 ae2b3a49 8aa4511d 4ff47bbd
		e55f049e e3142657 6cd055a8 2e6878f9
		b2711110 a763e711 dbe5f610 8be2d78a
		7c3c99cf 29ba5dcc 64ea12a0 aa1ea85b
[32;22m[INFO]  [39;1msnarkJS[0m: -------------------------
[32;22m[INFO]  [39;1msnarkJS[0m: ZKey Ok!
DONE (892s)
****EXPORTING VKEY****
[32;22m[INFO]  [39;1msnarkJS[0m: EXPORT VERIFICATION KEY STARTED
[32;22m[INFO]  [39;1msnarkJS[0m: > Detected protocol: groth16
[32;22m[INFO]  [39;1msnarkJS[0m: EXPORT VERIFICATION KEY FINISHED
DONE (5s)
****GENERATING PROOF FOR SAMPLE INPUT****
./build_pubkey_poseidon.sh: line 65: /home/leonardo/rapidsnark/build/prover: No such file or directory
DONE (0s)
****VERIFYING PROOF FOR SAMPLE INPUT****
[31;22m[ERROR] [39;1msnarkJS[0m: Error: ENOENT: no such file or directory, open '../../build/pubkey_poseidon_cpp/pubkey_poseidon_public.json'
    at Object.openSync (node:fs:600:3)
    at Object.readFileSync (node:fs:468:35)
    at Object.groth16Verify [as action] (/usr/local/lib/node_modules/snarkjs/build/cli.cjs:13012:51)
    at clProcessor (/usr/local/lib/node_modules/snarkjs/build/cli.cjs:483:37)
    at Object.<anonymous> (/usr/local/lib/node_modules/snarkjs/build/cli.cjs:12790:1)
    at Module._compile (node:internal/modules/cjs/loader:1218:14)
    at Module._extensions..js (node:internal/modules/cjs/loader:1272:10)
    at Module.load (node:internal/modules/cjs/loader:1081:32)
    at Module._load (node:internal/modules/cjs/loader:922:12)
    at Function.executeUserEntryPoint [as runMain] (node:internal/modules/run_main:81:12) {
  errno: -2,
  syscall: 'open',
  code: 'ENOENT',
  path: '../../build/pubkey_poseidon_cpp/pubkey_poseidon_public.json'
}
DONE (2s)
****EXPORTING SOLIDITY SMART CONTRACT****
[32;22m[INFO]  [39;1msnarkJS[0m: EXPORT VERIFICATION KEY STARTED
[32;22m[INFO]  [39;1msnarkJS[0m: > Detected protocol: groth16
[32;22m[INFO]  [39;1msnarkJS[0m: EXPORT VERIFICATION KEY FINISHED
DONE (4s)
