****COMPILING CIRCUIT****
[32mtemplate instances[0m: 161
non-linear constraints: 292500
linear constraints: 707289
public inputs: 7168
public outputs: 1
private inputs: 0
private outputs: 0
wires: 1006958
labels: 1778292
[32mWritten successfully:[0m ../../build/pubkey_poseidon.r1cs
[32mWritten successfully:[0m ../../build/pubkey_poseidon.sym
[32mWritten successfully:[0m ../../build/pubkey_poseidon_cpp/pubkey_poseidon.cpp and ../../build/pubkey_poseidon_cpp/pubkey_poseidon.dat
[32mWritten successfully:[0m ../../build/pubkey_poseidon_cpp/main.cpp, circom.hpp, calcwit.hpp, calcwit.cpp, fr.hpp, fr.cpp, fr.asm and Makefile
[32mEverything went okay, circom safe[0m
DONE (37s)
****Running make to make witness generation binary****
make: Entering directory '/home/leonardo/Code/ethereum-light-client-py/build/pubkey_poseidon_cpp'
g++ -c main.cpp -std=c++11 -O3 -I.
g++ -c calcwit.cpp -std=c++11 -O3 -I.
g++ -c fr.cpp -std=c++11 -O3 -I.
nasm -felf64 fr.asm -o fr_asm.o
g++ -c pubkey_poseidon.cpp -std=c++11 -O3 -I.
g++ -o pubkey_poseidon *.o -lgmp 
/usr/bin/ld: warning: fr_asm.o: missing .note.GNU-stack section implies executable stack
/usr/bin/ld: NOTE: This behaviour is deprecated and will be removed in a future version of the linker
make: Leaving directory '/home/leonardo/Code/ethereum-light-client-py/build/pubkey_poseidon_cpp'
DONE (262s)
****Executing witness generation****
DONE (1s)
****Converting witness to json****
DONE (38s)
****GENERATING ZKEY 0****
[31;22m[ERROR] [39;1msnarkJS[0m: [Error: ENOENT: no such file or directory, open '../pot25_final.ptau'] {
  errno: -2,
  code: 'ENOENT',
  syscall: 'open',
  path: '../pot25_final.ptau'
}
DONE (1s)
****CONTRIBUTE TO PHASE 2 CEREMONY****
[31;22m[ERROR] [39;1msnarkJS[0m: [Error: ENOENT: no such file or directory, open '../../build/pubkey_poseidon_cpp/pubkey_poseidon_p1.zkey'] {
  errno: -2,
  code: 'ENOENT',
  syscall: 'open',
  path: '../../build/pubkey_poseidon_cpp/pubkey_poseidon_p1.zkey'
}
DONE (1s)
****VERIFYING FINAL ZKEY****
[31;22m[ERROR] [39;1msnarkJS[0m: [Error: ENOENT: no such file or directory, open '../pot25_final.ptau'] {
  errno: -2,
  code: 'ENOENT',
  syscall: 'open',
  path: '../pot25_final.ptau'
}
DONE (4s)
****EXPORTING VKEY****
[32;22m[INFO]  [39;1msnarkJS[0m: EXPORT VERIFICATION KEY STARTED
[31;22m[ERROR] [39;1msnarkJS[0m: [Error: ENOENT: no such file or directory, open '../../build/pubkey_poseidon_cpp/pubkey_poseidon_p2.zkey'] {
  errno: -2,
  code: 'ENOENT',
  syscall: 'open',
  path: '../../build/pubkey_poseidon_cpp/pubkey_poseidon_p2.zkey'
}
DONE (1s)
****GENERATING PROOF FOR SAMPLE INPUT****
./build_pubkey_poseidon.sh: line 65: /home/leonardo/rapidsnark/build/prover: No such file or directory
DONE (0s)
****VERIFYING PROOF FOR SAMPLE INPUT****
[31;22m[ERROR] [39;1msnarkJS[0m: Error: ENOENT: no such file or directory, open '../../build/pubkey_poseidon_cpp/pubkey_poseidon_vkey.json'
    at Object.openSync (node:fs:600:3)
    at Object.readFileSync (node:fs:468:35)
    at Object.groth16Verify [as action] (/usr/local/lib/node_modules/snarkjs/build/cli.cjs:13011:63)
    at clProcessor (/usr/local/lib/node_modules/snarkjs/build/cli.cjs:483:37)
    at Object.<anonymous> (/usr/local/lib/node_modules/snarkjs/build/cli.cjs:12790:1)
    at Module._compile (node:internal/modules/cjs/loader:1218:14)
    at Module._extensions..js (node:internal/modules/cjs/loader:1272:10)
    at Module.load (node:internal/modules/cjs/loader:1081:32)
    at Module._load (node:internal/modules/cjs/loader:922:12)
    at Function.executeUserEntryPoint [as runMain] (node:internal/modules/run_main:81:12) {
  errno: -2,
  syscall: 'open',
  code: 'ENOENT',
  path: '../../build/pubkey_poseidon_cpp/pubkey_poseidon_vkey.json'
}
DONE (1s)
****EXPORTING SOLIDITY SMART CONTRACT****
[32;22m[INFO]  [39;1msnarkJS[0m: EXPORT VERIFICATION KEY STARTED
[31;22m[ERROR] [39;1msnarkJS[0m: [Error: ENOENT: no such file or directory, open '../../build/pubkey_poseidon_cpp/pubkey_poseidon_p2.zkey'] {
  errno: -2,
  code: 'ENOENT',
  syscall: 'open',
  path: '../../build/pubkey_poseidon_cpp/pubkey_poseidon_p2.zkey'
}
DONE (2s)
