****COMPILING CIRCUIT****
[0m[1m[38;5;9merror[P1002][0m[1m: Multiple main components in the project structure[0m
    [0m[34m┌─[0m "../sync_committee_committments.circom":124:18
    [0m[34m│[0m
[0m[34m124[0m [0m[34m│[0m component main = [0m[31mSyncCommitteeCommittments(512, 55, 7)[0m;
    [0m[34m│[0m                  [0m[31m^^^^^^^^^^^^^^^^^^^^^^^^^^^^^^^^^^^^^[0m [0m[31mThis is a main component[0m
    [0m[34m│[0m
    [0m[34m┌─[0m "/home/leonardo/Code/ethereum-light-client-py/circuits/pubkey_poseidon.circom":89:37
    [0m[34m│[0m
[0m[34m 89[0m [0m[34m│[0m component main {public [pubkeys]} = PubkeyPoseidon();
    [0m[34m│[0m                                     [0m[34m----------------[0m [0m[34mHere it is another main component[0m

[31mprevious errors were found[0m
DONE (1s)
****Running make to make witness generation binary****
make: *** /home/leonardo/Code/ethereum-light-client-py/build/sync_committee_committments_cpp: No such file or directory.  Stop.
DONE (0s)
****Executing witness generation****
./build_sync_committee_committments.sh: line 30: /home/leonardo/Code/ethereum-light-client-py/build/sync_committee_committments_cpp/sync_committee_committments: No such file or directory
DONE (0s)
****Converting witness to json****
[31;22m[ERROR] [39;1msnarkJS[0m: [Error: ENOENT: no such file or directory, open '/home/leonardo/Code/ethereum-light-client-py/build/sync_committee_committments_cpp/witness.wtns'] {
  errno: -2,
  code: 'ENOENT',
  syscall: 'open',
  path: '/home/leonardo/Code/ethereum-light-client-py/build/sync_committee_committments_cpp/witness.wtns'
}
DONE (1s)
****GENERATING ZKEY 0****
node:internal/modules/cjs/loader:1042
  throw err;
  ^

Error: Cannot find module '/home/leonardo/Code/ethereum-light-client-py/circuits/scripts/snarkjs'
    at Module._resolveFilename (node:internal/modules/cjs/loader:1039:15)
    at Module._load (node:internal/modules/cjs/loader:885:27)
    at Function.executeUserEntryPoint [as runMain] (node:internal/modules/run_main:81:12)
    at node:internal/main/run_main_module:23:47 {
  code: 'MODULE_NOT_FOUND',
  requireStack: []
}

Node.js v18.13.0
DONE (1s)
****CONTRIBUTE TO PHASE 2 CEREMONY****
